#iterations: 269
  21       0.00000 -1.00000  0.00000  0.00000  0.00000  0.00000  0.00000  0.00000  0.00000  0.00000  1.00000  0.00000
  20      -1.00000 -0.60352 -0.20685 -0.07975 -0.03190 -0.00871  0.00871  0.03190  0.07975  0.20685  0.60352  1.00000
  19       0.00000 -0.20723 -0.14411 -0.08026 -0.03912 -0.01165  0.01165  0.03912  0.08026  0.14411  0.20723  0.00000
  18       0.00000 -0.08131 -0.08210 -0.05805 -0.03269 -0.01042  0.01042  0.03269  0.05805  0.08210  0.08131  0.00000
  17       0.00000 -0.03590 -0.04494 -0.03716 -0.02316 -0.00776  0.00776  0.02316  0.03716  0.04494  0.03590  0.00000
  16       0.00000 -0.01735 -0.02458 -0.02250 -0.01503 -0.00522  0.00522  0.01503  0.02250  0.02458  0.01735  0.00000
  15       0.00000 -0.00890 -0.01355 -0.01323 -0.00926 -0.00329  0.00329  0.00926  0.01323  0.01355  0.00890  0.00000
  14       0.00000 -0.00472 -0.00748 -0.00760 -0.00548 -0.00198  0.00198  0.00548  0.00760  0.00748  0.00472  0.00000
  13       0.00000 -0.00249 -0.00404 -0.00421 -0.00310 -0.00113  0.00113  0.00310  0.00421  0.00404  0.00249  0.00000
  12       0.00000 -0.00121 -0.00199 -0.00210 -0.00156 -0.00057  0.00057  0.00156  0.00210  0.00199  0.00121  0.00000
  11       0.00000 -0.00036 -0.00060 -0.00063 -0.00047 -0.00017  0.00017  0.00047  0.00063  0.00060  0.00036  0.00000
  10       0.00000  0.00036  0.00060  0.00063  0.00047  0.00017 -0.00017 -0.00047 -0.00063 -0.00060 -0.00036  0.00000
   9       0.00000  0.00121  0.00199  0.00210  0.00156  0.00057 -0.00057 -0.00156 -0.00210 -0.00199 -0.00121  0.00000
   8       0.00000  0.00249  0.00404  0.00421  0.00310  0.00113 -0.00113 -0.00310 -0.00421 -0.00404 -0.00249  0.00000
   7       0.00000  0.00472  0.00748  0.00760  0.00548  0.00198 -0.00198 -0.00548 -0.00760 -0.00748 -0.00472  0.00000
   6       0.00000  0.00890  0.01355  0.01323  0.00926  0.00329 -0.00329 -0.00926 -0.01323 -0.01355 -0.00890  0.00000
   5       0.00000  0.01735  0.02458  0.02250  0.01503  0.00522 -0.00522 -0.01503 -0.02250 -0.02458 -0.01735  0.00000
   4       0.00000  0.03590  0.04494  0.03716  0.02316  0.00776 -0.00776 -0.02316 -0.03716 -0.04494 -0.03590  0.00000
   3       0.00000  0.08131  0.08210  0.05805  0.03269  0.01042 -0.01042 -0.03269 -0.05805 -0.08210 -0.08131  0.00000
   2       0.00000  0.20723  0.14411  0.08026  0.03912  0.01165 -0.01165 -0.03912 -0.08026 -0.14411 -0.20723  0.00000
   1       1.00000  0.60352  0.20685  0.07975  0.03190  0.00871 -0.00871 -0.03190 -0.07975 -0.20685 -0.60352 -1.00000
   0       0.00000  1.00000  0.00000  0.00000  0.00000  0.00000  0.00000  0.00000  0.00000  0.00000 -1.00000  0.00000
   ^     
   y  x >     0        1        2        3        4        5        6        7        8        9       10       11   
